<?xml version="1.0" encoding="UTF-8"?>
<!-- Generated by org.testng.reporters.JUnitXMLReporter -->
<testsuite ignored="0" hostname="DESKTOP-V6ELO8R" failures="4" tests="8" name="Test" time="1.716" errors="0" timestamp="2023-11-26T22:55:17 IST">
  <testcase classname="sqlTests.R_TC" name="TC1" time="0.055">
    <failure type="java.lang.AssertionError" message="expected [true] but found [false]">
      <![CDATA[java.lang.AssertionError: expected [true] but found [false]
at sqlTests.R_TC.TC1(R_TC.java:15)
at java.base/java.util.ArrayList.forEach(ArrayList.java:1511)
... Removed 31 stack frames]]>
    </failure>
  </testcase> <!-- TC1 -->
  <testcase classname="sqlTests.R_TC" name="TC2" time="0.005"/>
  <testcase classname="sqlTests.R_TC" name="TC3" time="0.003">
    <failure type="java.lang.AssertionError" message="expected [true] but found [false]">
      <![CDATA[java.lang.AssertionError: expected [true] but found [false]
at sqlTests.R_TC.TC3(R_TC.java:30)
at java.base/java.util.ArrayList.forEach(ArrayList.java:1511)
... Removed 31 stack frames]]>
    </failure>
  </testcase> <!-- TC3 -->
  <testcase classname="sqlTests.R_TC" name="TC4" time="0.006"/>
  <testcase classname="sqlTests.R_TC" name="TC5" time="0.003"/>
  <testcase classname="sqlTests.R_TC" name="TC6" time="0.009">
    <failure type="java.lang.AssertionError" message="expected [true] but found [false]">
      <![CDATA[java.lang.AssertionError: expected [true] but found [false]
at sqlTests.R_TC.TC6(R_TC.java:55)
at java.base/java.util.ArrayList.forEach(ArrayList.java:1511)
... Removed 31 stack frames]]>
    </failure>
  </testcase> <!-- TC6 -->
  <testcase classname="sqlTests.R_TC" name="TC8" time="0.013">
    <failure type="java.lang.AssertionError" message="expected [true] but found [false]">
      <![CDATA[java.lang.AssertionError: expected [true] but found [false]
at sqlTests.R_TC.TC8(R_TC.java:63)
at java.base/java.util.ArrayList.forEach(ArrayList.java:1511)
... Removed 31 stack frames]]>
    </failure>
  </testcase> <!-- TC8 -->
  <testcase classname="sqlTests.R_TC" name="TC9" time="0.009"/>
</testsuite> <!-- Test -->
