<?xml version="1.0" encoding="UTF-8"?>
<testng-results ignored="0" total="3" passed="2" failed="1" skipped="0">
  <reporter-output>
  </reporter-output>
  <suite started-at="2023-11-24T17:18:12 IST" name="Suite" finished-at="2023-11-24T17:18:12 IST" duration-ms="178">
    <groups>
    </groups>
    <test started-at="2023-11-24T17:18:12 IST" name="Test" finished-at="2023-11-24T17:18:12 IST" duration-ms="178">
      <class name="sqlTests.DataBaseTestCases">
        <test-method is-config="true" signature="sqlTest1()[pri:0, instance:sqlTests.DataBaseTestCases@5b247367]" started-at="2023-11-24T17:18:11 IST" name="sqlTest1" finished-at="2023-11-24T17:18:12 IST" duration-ms="447" status="PASS">
          <reporter-output>
          </reporter-output>
        </test-method> <!-- sqlTest1 -->
        <test-method signature="testFormaTable()[pri:0, instance:sqlTests.DataBaseTestCases@5b247367]" started-at="2023-11-24T17:18:12 IST" name="testFormaTable" finished-at="2023-11-24T17:18:12 IST" duration-ms="74" status="FAIL">
          <exception class="java.lang.AssertionError">
            <message>
              <![CDATA[expected [1] but found [0]]]>
            </message>
            <full-stacktrace>
              <![CDATA[java.lang.AssertionError: expected [1] but found [0]
at org.testng.Assert.fail(Assert.java:111)
at org.testng.Assert.failNotEquals(Assert.java:1578)
at org.testng.Assert.assertEqualsImpl(Assert.java:150)
at org.testng.Assert.assertEquals(Assert.java:132)
at org.testng.Assert.assertEquals(Assert.java:1419)
at org.testng.Assert.assertEquals(Assert.java:1383)
at org.testng.Assert.assertEquals(Assert.java:1429)
at sqlTests.DataBaseTestCases.testFormaTable(DataBaseTestCases.java:70)
at java.base/jdk.internal.reflect.NativeMethodAccessorImpl.invoke0(Native Method)
at java.base/jdk.internal.reflect.NativeMethodAccessorImpl.invoke(NativeMethodAccessorImpl.java:77)
at java.base/jdk.internal.reflect.DelegatingMethodAccessorImpl.invoke(DelegatingMethodAccessorImpl.java:43)
at java.base/java.lang.reflect.Method.invoke(Method.java:568)
at org.testng.internal.invokers.MethodInvocationHelper.invokeMethod(MethodInvocationHelper.java:139)
at org.testng.internal.invokers.TestInvoker.invokeMethod(TestInvoker.java:664)
at org.testng.internal.invokers.TestInvoker.invokeTestMethod(TestInvoker.java:227)
at org.testng.internal.invokers.MethodRunner.runInSequence(MethodRunner.java:50)
at org.testng.internal.invokers.TestInvoker$MethodInvocationAgent.invoke(TestInvoker.java:957)
at org.testng.internal.invokers.TestInvoker.invokeTestMethods(TestInvoker.java:200)
at org.testng.internal.invokers.TestMethodWorker.invokeTestMethods(TestMethodWorker.java:148)
at org.testng.internal.invokers.TestMethodWorker.run(TestMethodWorker.java:128)
at java.base/java.util.ArrayList.forEach(ArrayList.java:1511)
at org.testng.TestRunner.privateRun(TestRunner.java:848)
at org.testng.TestRunner.run(TestRunner.java:621)
at org.testng.SuiteRunner.runTest(SuiteRunner.java:443)
at org.testng.SuiteRunner.runSequentially(SuiteRunner.java:437)
at org.testng.SuiteRunner.privateRun(SuiteRunner.java:397)
at org.testng.SuiteRunner.run(SuiteRunner.java:336)
at org.testng.SuiteRunnerWorker.runSuite(SuiteRunnerWorker.java:52)
at org.testng.SuiteRunnerWorker.run(SuiteRunnerWorker.java:95)
at org.testng.TestNG.runSuitesSequentially(TestNG.java:1280)
at org.testng.TestNG.runSuitesLocally(TestNG.java:1200)
at org.testng.TestNG.runSuites(TestNG.java:1114)
at org.testng.TestNG.run(TestNG.java:1082)
at org.testng.remote.AbstractRemoteTestNG.run(AbstractRemoteTestNG.java:115)
at org.testng.remote.RemoteTestNG.initAndRun(RemoteTestNG.java:251)
at org.testng.remote.RemoteTestNG.main(RemoteTestNG.java:77)
]]>
            </full-stacktrace>
          </exception> <!-- java.lang.AssertionError -->
          <reporter-output>
          </reporter-output>
        </test-method> <!-- testFormaTable -->
        <test-method signature="testItemCountTable()[pri:0, instance:sqlTests.DataBaseTestCases@5b247367]" started-at="2023-11-24T17:18:12 IST" name="testItemCountTable" finished-at="2023-11-24T17:18:12 IST" duration-ms="14" status="PASS">
          <reporter-output>
          </reporter-output>
        </test-method> <!-- testItemCountTable -->
        <test-method signature="testRowTable()[pri:0, instance:sqlTests.DataBaseTestCases@5b247367]" started-at="2023-11-24T17:18:12 IST" name="testRowTable" finished-at="2023-11-24T17:18:12 IST" duration-ms="6" status="PASS">
          <reporter-output>
          </reporter-output>
        </test-method> <!-- testRowTable -->
        <test-method is-config="true" signature="sqlTest2()[pri:0, instance:sqlTests.DataBaseTestCases@5b247367]" started-at="2023-11-24T17:18:12 IST" name="sqlTest2" finished-at="2023-11-24T17:18:12 IST" duration-ms="1" status="PASS">
          <reporter-output>
          </reporter-output>
        </test-method> <!-- sqlTest2 -->
      </class> <!-- sqlTests.DataBaseTestCases -->
    </test> <!-- Test -->
  </suite> <!-- Suite -->
</testng-results>
